<?xml version="1.0" encoding="UTF-8"?>
<!-- Generated by org.testng.reporters.JUnitReportReporter -->
<testsuite skipped="0" hostname="DESKTOP-GT5QT42" name="Project.Project" tests="3" failures="0" timestamp="2021-07-15T12:44:12 IST" time="4.286" errors="0">
  <testcase name="postTest" time="3.267" classname="Project.Project"/>
  <system-out/>
  <testcase name="getTest" time="0.493" classname="Project.Project"/>
  <system-out>
    <![CDATA[[
    {
        "id": 54824369,
        "key": "ssh-rsa AAAAB3NzaC1yc2EAAAADAQABAAABAQDD1j8jYM86m9Qtmp1+WTWYH+3bQssgE39ve1uLIotgBb9ECf8+W/Dv6bGz47hmXGvoR5QVjhTG9iIEn4FA+seWCxbU/IH8ekdv65ssvqCGtKvbDGHQx4eZmRDlsvt+z23ewtw70cO5l23jBhYzlV1GnkSlJhfc/3KOhpiQu5bNAhA7CuUMnHwi31aWqPmAVusLbkmk7115DXH3kC2lRS/iXRyy4ZNv1YMtWSqcs6Cd0fxOla5CoL3X2uFV6zF/aPV99LCDuXQjQ8KGDsOHPaiQijemvHCMMIwJhopPZ8kfXtzmK8DtJA+hld9/7dgR4wLPDhN6WtA2taKACIdV4SFD",
        "url": "https://api.github.com/user/keys/54824369",
        "title": "TestAPIKey",
        "verified": true,
        "created_at": "2021-07-15T07:23:09Z",
        "read_only": false
    }
]]]>
  </system-out>
  <testcase name="deleteTest" time="0.526" classname="Project.Project"/>
  <system-out>
    <![CDATA[]]>
  </system-out>
</testsuite> <!-- Project.Project -->
