<?xml version="1.0" encoding="UTF-8"?>
<!-- Generated by org.testng.reporters.JUnitReportReporter -->
<testsuite skipped="0" hostname="DESKTOP-GT5QT42" name="NewClass" tests="1" failures="0" timestamp="04 Jul 2021 17:47:23 GMT" time="9.172" errors="0">
  <testcase name="GetPetDetails" time="9.172" classname="NewClass"/>
</testsuite> <!-- NewClass -->
