<?xml version="1.0" encoding="UTF-8"?>
<!-- Generated by org.testng.reporters.JUnitReportReporter -->
<testsuite skipped="0" hostname="DESKTOP-GT5QT42" name="Activity1" tests="1" failures="0" timestamp="05 Jul 2021 04:06:15 GMT" time="7.167" errors="0">
  <testcase name="POSTReqestTestCase" time="7.167" classname="Activity1"/>
</testsuite> <!-- Activity1 -->
