<?xml version="1.0" encoding="UTF-8"?>
<!-- Generated by org.testng.reporters.JUnitReportReporter -->
<testsuite skipped="0" hostname="DESKTOP-GT5QT42" name="Activity2" tests="2" failures="0" timestamp="05 Jul 2021 18:12:47 GMT" time="4.527" errors="0">
  <testcase name="testingGet" time="0.353" classname="Activity2"/>
  <testcase name="testingGet" time="4.174" classname="Activity2"/>
</testsuite> <!-- Activity2 -->
